<?xml version="1.0" encoding="UTF-8"?>
<!-- Generated by org.testng.reporters.JUnitReportReporter -->
<testsuite hostname="SubhangiS-lpt" failures="0" tests="1" name="test.Service_Order_Dashboard" time="24.926" errors="0" timestamp="2020-12-30T16:01:05 IST" skipped="0">
  <testcase classname="test.Service_Order_Dashboard" name="Report" time="24.926"/>
  <system-out/>
</testsuite> <!-- test.Service_Order_Dashboard -->
