<?xml version="1.0" encoding="UTF-8"?>
<!-- Generated by org.testng.reporters.JUnitReportReporter -->
<testsuite hostname="SubhangiS-lpt" failures="0" tests="1" name="test.Item" time="74.146" errors="0" timestamp="2021-01-12T10:43:03 IST" skipped="0">
  <testcase classname="test.Item" name="Item" time="74.146"/>
  <system-out/>
</testsuite> <!-- test.Item -->
