<?xml version="1.0" encoding="UTF-8"?>
<!-- Generated by org.testng.reporters.JUnitReportReporter -->
<testsuite hostname="SubhangiS-lpt" failures="0" tests="1" name="test.CustomerDetails" time="37.166" errors="0" timestamp="2021-01-15T14:29:47 IST" skipped="0">
  <testcase classname="test.CustomerDetails" name="Report1" time="37.166"/>
  <system-out/>
</testsuite> <!-- test.CustomerDetails -->
