<?xml version="1.0" encoding="UTF-8"?>
<!-- Generated by org.testng.reporters.JUnitReportReporter -->
<testsuite hostname="SubhangiS-lpt" failures="0" tests="6" name="com.vanran.tests.UsersRepNameMappingTest" time="30.872" errors="0" timestamp="2021-02-18T11:25:17 IST" skipped="0">
  <testcase classname="com.vanran.tests.UsersRepNameMappingTest" name="verifyLogin" time="2.694"/>
  <system-out/>
  <testcase classname="com.vanran.tests.UsersRepNameMappingTest" name="verifyclickOnApplicationSetting" time="0.118"/>
  <system-out/>
  <testcase classname="com.vanran.tests.UsersRepNameMappingTest" name="verifyclickOnUserNameRepName" time="0.126"/>
  <system-out/>
  <testcase classname="com.vanran.tests.UsersRepNameMappingTest" name="verifyclickOnAddNew" time="10.728"/>
  <system-out/>
  <testcase classname="com.vanran.tests.UsersRepNameMappingTest" name="verifyclickOndrop1" time="17.001"/>
  <system-out/>
  <testcase classname="com.vanran.tests.UsersRepNameMappingTest" name="verifyclickOnAdd" time="0.205"/>
  <system-out/>
</testsuite> <!-- com.vanran.tests.UsersRepNameMappingTest -->
