<?xml version="1.0" encoding="UTF-8"?>
<!-- Generated by org.testng.reporters.JUnitReportReporter -->
<testsuite hostname="SubhangiS-lpt" failures="0" tests="5" name="com.vanran.tests.ItemTest" time="12.316" errors="0" timestamp="2021-02-18T10:35:00 IST" skipped="0">
  <testcase classname="com.vanran.tests.ItemTest" name="verifyLogin" time="2.754"/>
  <system-out/>
  <testcase classname="com.vanran.tests.ItemTest" name="verifyclickOnApplicationSetting" time="0.279"/>
  <system-out/>
  <testcase classname="com.vanran.tests.ItemTest" name="verifyclickOnItems" time="0.115"/>
  <system-out/>
  <testcase classname="com.vanran.tests.ItemTest" name="verifyclickOnAddNew" time="4.455"/>
  <system-out/>
  <testcase classname="com.vanran.tests.ItemTest" name="verifyclickOnItemsID" time="4.713"/>
  <system-out/>
</testsuite> <!-- com.vanran.tests.ItemTest -->
