<?xml version="1.0" encoding="UTF-8"?>
<!-- Generated by org.testng.reporters.JUnitReportReporter -->
<testsuite hostname="SubhangiS-lpt" failures="0" tests="5" name="com.vanran.tests.CheckPriorityTest" time="9.532" errors="0" timestamp="2021-02-18T10:28:37 IST" skipped="0">
  <testcase classname="com.vanran.tests.CheckPriorityTest" name="verifyLogin" time="2.664"/>
  <system-out/>
  <testcase classname="com.vanran.tests.CheckPriorityTest" name="verifyclickOnApplicationSetting" time="0.448"/>
  <system-out/>
  <testcase classname="com.vanran.tests.CheckPriorityTest" name="verifyclickOnPriority" time="0.112"/>
  <system-out/>
  <testcase classname="com.vanran.tests.CheckPriorityTest" name="verifyaddNewPriority" time="4.150"/>
  <system-out/>
  <testcase classname="com.vanran.tests.CheckPriorityTest" name="verifyclickOnAdd" time="2.158"/>
  <system-out/>
</testsuite> <!-- com.vanran.tests.CheckPriorityTest -->
