<?xml version="1.0" encoding="UTF-8"?>
<!-- Generated by org.testng.reporters.JUnitReportReporter -->
<testsuite hostname="SubhangiS-lpt" failures="0" tests="1" name="test.UserUpdateAction" time="26.986" errors="0" timestamp="2021-01-25T19:29:47 IST" skipped="0">
  <testcase classname="test.UserUpdateAction" name="UserEdit" time="26.986"/>
  <system-out/>
</testsuite> <!-- test.UserUpdateAction -->
