<?xml version="1.0" encoding="UTF-8"?>
<!-- Generated by org.testng.reporters.JUnitReportReporter -->
<testsuite hostname="SubhangiS-lpt" failures="0" tests="1" name="test.CheckPriority" time="24.225" errors="0" timestamp="2021-01-27T10:48:34 IST" skipped="0">
  <testcase classname="test.CheckPriority" name="priorityCheck" time="24.225"/>
  <system-out/>
</testsuite> <!-- test.CheckPriority -->
