<?xml version="1.0" encoding="UTF-8"?>
<!-- Generated by org.testng.reporters.JUnitReportReporter -->
<testsuite hostname="SubhangiS-lpt" failures="0" tests="6" name="com.vanran.tests.UserScreenTest" time="17.433" errors="0" timestamp="2021-02-18T13:43:46 IST" skipped="0">
  <testcase classname="com.vanran.tests.UserScreenTest" name="verifyLogin" time="2.826"/>
  <system-out/>
  <testcase classname="com.vanran.tests.UserScreenTest" name="verifyclickOnApplicationSetting" time="0.180"/>
  <system-out/>
  <testcase classname="com.vanran.tests.UserScreenTest" name="verifyclickOnUser" time="0.123"/>
  <system-out/>
  <testcase classname="com.vanran.tests.UserScreenTest" name="verifyclickOnAddNew" time="6.325"/>
  <system-out/>
  <testcase classname="com.vanran.tests.UserScreenTest" name="verifyclickOnRole" time="2.854"/>
  <system-out/>
  <testcase classname="com.vanran.tests.UserScreenTest" name="verifyclickOnAdd" time="5.125"/>
  <system-out/>
</testsuite> <!-- com.vanran.tests.UserScreenTest -->
