<?xml version="1.0" encoding="UTF-8"?>
<!-- Generated by org.testng.reporters.JUnitReportReporter -->
<testsuite hostname="SubhangiS-lpt" failures="0" tests="1" name="test.UserScreen" time="38.633" errors="0" timestamp="2021-01-25T19:22:27 IST" skipped="0">
  <testcase classname="test.UserScreen" name="User" time="38.633"/>
  <system-out/>
</testsuite> <!-- test.UserScreen -->
