<?xml version="1.0" encoding="UTF-8"?>
<!-- Generated by org.testng.reporters.JUnitReportReporter -->
<testsuite hostname="SubhangiS-lpt" failures="0" tests="1" name="test.ChangePassword" time="158.480" errors="0" timestamp="2021-01-20T19:34:29 IST" skipped="0">
  <testcase classname="test.ChangePassword" name="Password" time="158.480"/>
  <system-out/>
</testsuite> <!-- test.ChangePassword -->
