<?xml version="1.0" encoding="UTF-8"?>
<!-- Generated by org.testng.reporters.JUnitReportReporter -->
<testsuite hostname="SubhangiS-lpt" failures="0" tests="4" name="com.vanran.tests.PriorityDeleteTest" time="23.746" errors="0" timestamp="2021-02-18T10:32:53 IST" skipped="0">
  <testcase classname="com.vanran.tests.PriorityDeleteTest" name="verifyLogin" time="2.823"/>
  <system-out/>
  <testcase classname="com.vanran.tests.PriorityDeleteTest" name="verifyclickOnApplicationSetting" time="0.780"/>
  <system-out/>
  <testcase classname="com.vanran.tests.PriorityDeleteTest" name="verifyclickOnPriority" time="0.128"/>
  <system-out/>
  <testcase classname="com.vanran.tests.PriorityDeleteTest" name="verifyclickOnDelete" time="20.015"/>
  <system-out/>
</testsuite> <!-- com.vanran.tests.PriorityDeleteTest -->
