<?xml version="1.0" encoding="UTF-8"?>
<!-- Generated by org.testng.reporters.JUnitReportReporter -->
<testsuite hostname="SubhangiS-lpt" failures="0" tests="1" name="com.vanran.tests.UserUpdateAction" time="46.171" errors="0" timestamp="2021-01-29T11:59:35 IST" skipped="0">
  <testcase classname="com.vanran.tests.UserUpdateAction" name="UserEdit" time="46.171"/>
  <system-out/>
</testsuite> <!-- com.vanran.tests.UserUpdateAction -->
