<?xml version="1.0" encoding="UTF-8"?>
<!-- Generated by org.testng.reporters.JUnitReportReporter -->
<testsuite hostname="SubhangiS-lpt" failures="0" tests="1" name="test.DebugDeregister" time="33.452" errors="0" timestamp="2021-01-25T17:54:41 IST" skipped="0">
  <testcase classname="test.DebugDeregister" name="Debug" time="33.452"/>
  <system-out/>
</testsuite> <!-- test.DebugDeregister -->
