<?xml version="1.0" encoding="UTF-8"?>
<!-- Generated by org.testng.reporters.JUnitReportReporter -->
<testsuite hostname="SubhangiS-lpt" failures="0" tests="1" name="com.vanran.tests.EnhancedProjectStatus" time="30.040" errors="0" timestamp="2021-02-02T21:44:57 IST" skipped="0">
  <testcase classname="com.vanran.tests.EnhancedProjectStatus" name="Report2" time="30.040"/>
  <system-out/>
</testsuite> <!-- com.vanran.tests.EnhancedProjectStatus -->
