<?xml version="1.0" encoding="UTF-8"?>
<!-- Generated by org.testng.reporters.JUnitReportReporter -->
<testsuite hostname="SubhangiS-lpt" failures="0" tests="1" name="test.PriorityUpdate" time="75.125" errors="0" timestamp="2021-01-22T13:35:54 IST" skipped="0">
  <testcase classname="test.PriorityUpdate" name="priorityUpdate" time="75.125"/>
  <system-out/>
</testsuite> <!-- test.PriorityUpdate -->
