<?xml version="1.0" encoding="UTF-8"?>
<!-- Generated by org.testng.reporters.JUnitReportReporter -->
<testsuite hostname="SubhangiS-lpt" failures="0" tests="7" name="com.vanran.tests.PriorityUpdateTest" time="14.649" errors="0" timestamp="2021-02-18T10:30:58 IST" skipped="0">
  <testcase classname="com.vanran.tests.PriorityUpdateTest" name="verifyLogin" time="2.634"/>
  <system-out/>
  <testcase classname="com.vanran.tests.PriorityUpdateTest" name="verifyclickOnApplicationSetting" time="0.315"/>
  <system-out/>
  <testcase classname="com.vanran.tests.PriorityUpdateTest" name="verifyclickOnPriority" time="0.132"/>
  <system-out/>
  <testcase classname="com.vanran.tests.PriorityUpdateTest" name="verifyclickOnUpdate" time="6.771"/>
  <system-out/>
  <testcase classname="com.vanran.tests.PriorityUpdateTest" name="verifyclickOnStartRange" time="1.103"/>
  <system-out/>
  <testcase classname="com.vanran.tests.PriorityUpdateTest" name="clickOnLastRange" time="1.504"/>
  <system-out/>
  <testcase classname="com.vanran.tests.PriorityUpdateTest" name="clickOnUpdateButton" time="2.190"/>
  <system-out/>
</testsuite> <!-- com.vanran.tests.PriorityUpdateTest -->
