<?xml version="1.0" encoding="UTF-8"?>
<!-- Generated by org.testng.reporters.JUnitReportReporter -->
<testsuite hostname="SubhangiS-lpt" failures="0" tests="6" name="com.vanran.tests.ItemsEditTest" time="15.681" errors="0" timestamp="2021-02-19T14:54:21 IST" skipped="0">
  <testcase classname="com.vanran.tests.ItemsEditTest" name="verifyLogin" time="2.841"/>
  <system-out/>
  <testcase classname="com.vanran.tests.ItemsEditTest" name="verifyclickOnApplicationSetting" time="0.312"/>
  <system-out/>
  <testcase classname="com.vanran.tests.ItemsEditTest" name="verifyclickOnItems" time="0.152"/>
  <system-out/>
  <testcase classname="com.vanran.tests.ItemsEditTest" name="verifyclickOnEdit" time="9.433"/>
  <system-out/>
  <testcase classname="com.vanran.tests.ItemsEditTest" name="verifyclickOnCheckBox" time="0.792"/>
  <system-out/>
  <testcase classname="com.vanran.tests.ItemsEditTest" name="verifyclickOnUpdate" time="2.151"/>
  <system-out/>
</testsuite> <!-- com.vanran.tests.ItemsEditTest -->
