<?xml version="1.0" encoding="UTF-8"?>
<!-- Generated by org.testng.reporters.JUnitReportReporter -->
<testsuite hostname="SubhangiS-lpt" failures="0" tests="1" name="com.vanran.tests.UserNameRepName" time="28.967" errors="0" timestamp="2021-02-01T18:39:29 IST" skipped="0">
  <testcase classname="com.vanran.tests.UserNameRepName" name="UserNameRepName" time="28.967"/>
  <system-out/>
</testsuite> <!-- com.vanran.tests.UserNameRepName -->
