<?xml version="1.0" encoding="UTF-8"?>
<!-- Generated by org.testng.reporters.JUnitReportReporter -->
<testsuite hostname="SubhangiS-lpt" failures="0" tests="6" name="com.vanran.tests.UserRepNameMappingEditTest" time="17.249" errors="0" timestamp="2021-02-18T11:29:33 IST" skipped="0">
  <testcase classname="com.vanran.tests.UserRepNameMappingEditTest" name="verifyLogin" time="2.741"/>
  <system-out/>
  <testcase classname="com.vanran.tests.UserRepNameMappingEditTest" name="verifyclickOnApplicationSetting" time="0.128"/>
  <system-out/>
  <testcase classname="com.vanran.tests.UserRepNameMappingEditTest" name="verifyclickOnUserNameRepName" time="0.136"/>
  <system-out/>
  <testcase classname="com.vanran.tests.UserRepNameMappingEditTest" name="verifyclickOnEdit" time="3.173"/>
  <system-out/>
  <testcase classname="com.vanran.tests.UserRepNameMappingEditTest" name="verifyclickOndrop2" time="8.945"/>
  <system-out/>
  <testcase classname="com.vanran.tests.UserRepNameMappingEditTest" name="verifyclickUpdate" time="2.126"/>
  <system-out/>
</testsuite> <!-- com.vanran.tests.UserRepNameMappingEditTest -->
