<?xml version="1.0" encoding="UTF-8"?>
<!-- Generated by org.testng.reporters.JUnitReportReporter -->
<testsuite hostname="SubhangiS-lpt" failures="0" tests="1" name="test.UserNameRepName" time="34.135" errors="0" timestamp="2021-01-25T18:15:02 IST" skipped="0">
  <testcase classname="test.UserNameRepName" name="UserNameRepName" time="34.135"/>
  <system-out/>
</testsuite> <!-- test.UserNameRepName -->
